********************************************************************************
DUPLICATOR-LITE PACKAGE-LOG: March 19, 2018 6:39 pm
NOTICE: Do NOT post to public sites or forums 
********************************************************************************
VERSION:	1.2.34
WORDPRESS:	4.9.4
PHP INFO:	7.2.1 | SAPI: apache2handler
SERVER:		Apache/2.2.34 (Unix) mod_wsgi/3.5 Python/2.7.13 PHP/7.2.1 mod_ssl/2.2.34 OpenSSL/1.0.2j DAV/2 mod_fastcgi/2.4.6 mod_perl/2.0.9 Perl/v5.24.0 
PHP TIME LIMIT: (0) no time limit imposed 
PHP MAX MEMORY: 2048M (128M default) 
MEMORY STACK: 18MB 

********************************************************************************
DATABASE:
********************************************************************************
BUILD MODE:   PHP(query limit - 100)
MYSQLTIMEOUT: 5000
MYSQLDUMP:    Not Supported 
TABLES: total:13 | filtered:0 | create:13 
FILTERED: [] 
SQL CREATED: 20180317_acodersodyssey_d1b7574f685d15342441180319183847_database.sql 
SQL FILE SIZE: 1.06MB (1110806) 
SQL FILE TIME: 2018-03-19 18:39:40 
SQL RUNTIME: 0.29 sec. 

******************************************************************************** 
ARCHIVE (ZIP): 
******************************************************************************** 
ARCHIVE DIR:  /Users/prakharkeshari/Desktop/projects/acodersodyssey/blog-front/admin 
ARCHIVE FILE: 20180317_acodersodyssey_d1b7574f685d15342441180319183847_archive.zip 
FILTERS: *OFF* 
DIRS:
	not set 
FILES:
	not set 
EXTS:  not set 
---------------------------------------- 
COMPRESSING 
SIZE:	56.88MB 
STATS:	Dirs 385 | Files 2,781 
SQL ADDED: 20180317_acodersodyssey_d1b7574f685d15342441180319183847_database.sql 
ZipArchive Object
(
    [status] => 0
    [statusSys] => 0
    [numFiles] => 3166
    [filename] => /Users/prakharkeshari/Desktop/projects/acodersodyssey/blog-front/admin/wp-snapshots/tmp/20180317_acodersodyssey_d1b7574f685d15342441180319183847_archive.zip
    [comment] => 
)
 
COMPRESSION RESULT: '1' 
COMPRESSED SIZE: 31.11MB 
ARCHIVE RUNTIME: 13.03 sec. 
MEMORY STACK: 18MB 

******************************************************************************** 
MAKE INSTALLER: 
******************************************************************************** 
Build Start 
Build Finished 
Preping for use 
PACK SIZE:  
Template parsed with new data 
Complete [/Users/prakharkeshari/Desktop/projects/acodersodyssey/blog-front/admin/wp-snapshots/tmp/20180317_acodersodyssey_d1b7574f685d15342441180319183847_installer.php] 
Added to archive 

******************************************************************************** 
INTEGRITY CHECKS: 
******************************************************************************** 
SQL File: 1.06MB 
Installer File: 445.3KB 
Archive File: 31.11MB  

********************************************************************************
RECORD ID:[3]
TOTAL PROCESS RUNTIME: 14.60 sec.
PEAK PHP MEMORY USED: 20MB
DONE PROCESSING => 20180317_acodersodyssey March 19, 2018 6:39 pm
 
